Arguments: 
  C:\Program Files\nodejs\node.exe C:\Program Files (x86)\Yarn\bin\yarn.js

PATH: 
  C:\Program Files (x86)\VMware\VMware Workstation\bin\;C:\Windows\system32;C:\Windows;C:\Windows\System32\Wbem;C:\Windows\System32\WindowsPowerShell\v1.0\;C:\Windows\System32\OpenSSH\;C:\Program Files\Bandizip\;C:\ProgramData\chocolatey\bin;C:\Program Files (x86)\Yarn\bin\;C:\Users\Administrator\AppData\Roaming\nvm;C:\Program Files\nodejs;C:\Program Files\Git\cmd;C:\Program Files\Microsoft SQL Server\150\Tools\Binn\;C:\Program Files\Microsoft SQL Server\Client SDK\ODBC\170\Tools\Binn\;C:\Program Files\dotnet\;C:\Users\Administrator\AppData\Local\pnpm;C:\Users\Administrator\AppData\Local\Microsoft\WindowsApps;C:\Users\Administrator\AppData\Local\Programs\Microsoft VS Code\bin;C:\Users\Administrator\AppData\Roaming\npm;C:\Users\Administrator\AppData\Local\Yarn\bin;C:\Users\Administrator\AppData\Roaming\nvm;C:\Program Files\nodejs;C:\Program Files\MongoDB\Server\5.0\bin;C:\Users\Administrator\.dotnet\tools

Yarn version: 
  1.22.4

Node version: 
  18.16.1

Platform: 
  win32 x64

Trace: 
  Error: EPERM: operation not permitted, unlink 'F:\projects\@nova\cet_dex\node_modules\keccak\prebuilds\win32-x64\node.napi.node'

npm manifest: 
  {
    "name": "squad-v3",
    "private": true,
    "workspaces": [
      "projects/*",
      "deployer/*",
      "common"
    ],
    "scripts": {
      "compile": "yarn workspaces run compile",
      "test": "yarn workspaces run test",
      "coverage": "yarn workspaces run coverage",
      "clear": "yarn workspaces run initial"
    },
    "devDependencies": {
      "zx": "^7.2.0",
      "@typechain/hardhat": "^6.1.5",
      "solidity-docgen": "^0.6.0-beta.35",
      "find-config": "^1.0.0"
    },
    "volta": {
      "node": "16.19.1"
    }
  }

yarn manifest: 
  No manifest

Lockfile: 
  No lockfile
